2020-05-05 15:46:02,734 +0530 [main] INFO  (TestHelper.java:41) - Test run using Chrome browser
2020-05-05 15:46:10,197 +0530 [main] INFO  (TestCase_001_LoginTest.java:16) - this is login test
2020-05-05 15:46:11,087 +0530 [main] INFO  (TestHelper.java:41) - Test run using Chrome browser
2020-05-05 15:46:17,579 +0530 [main] INFO  (TestCase_003_AddCustomer.java:15) - entered login credentials
2020-05-05 15:46:19,725 +0530 [main] INFO  (TestCase_003_AddCustomer.java:19) - click new customer link
2020-05-05 15:46:21,078 +0530 [main] INFO  (TestCase_003_AddCustomer.java:21) - enter customer details
2020-05-05 15:46:24,578 +0530 [main] INFO  (TestCase_003_AddCustomer.java:35) - verify test result
2020-05-05 15:46:25,119 +0530 [main] DEBUG (_Log4jLoggerFactory.java:45) - Couldn't find template in cache for "v3html/v3-html-index.ftl"("en", UTF-8, parsed); will try to load it.
2020-05-05 15:46:25,121 +0530 [main] DEBUG (_Log4jLoggerFactory.java:45) - TemplateLoader.findTemplateSource("v3html/v3-html-index_en.ftl"): Not found
2020-05-05 15:46:25,123 +0530 [main] DEBUG (_Log4jLoggerFactory.java:45) - TemplateLoader.findTemplateSource("v3html/v3-html-index.ftl"): Found
2020-05-05 15:46:25,123 +0530 [main] DEBUG (_Log4jLoggerFactory.java:45) - Loading template for "v3html/v3-html-index.ftl"("en", UTF-8, parsed) from "jar:file:/Users/dhaliwal_mac/.m2/repository/com/aventstack/extentreports/4.0.0/extentreports-4.0.0.jar!/com/aventstack/extentreports/view/v3html/v3-html-index.ftl"
2020-05-05 15:46:25,350 +0530 [main] DEBUG (_Log4jLoggerFactory.java:45) - Couldn't find template in cache for "v3html/v3-html-head.ftl"("en", UTF-8, parsed); will try to load it.
2020-05-05 15:46:25,351 +0530 [main] DEBUG (_Log4jLoggerFactory.java:45) - TemplateLoader.findTemplateSource("v3html/v3-html-head_en.ftl"): Not found
2020-05-05 15:46:25,352 +0530 [main] DEBUG (_Log4jLoggerFactory.java:45) - TemplateLoader.findTemplateSource("v3html/v3-html-head.ftl"): Found
2020-05-05 15:46:25,352 +0530 [main] DEBUG (_Log4jLoggerFactory.java:45) - Loading template for "v3html/v3-html-head.ftl"("en", UTF-8, parsed) from "jar:file:/Users/dhaliwal_mac/.m2/repository/com/aventstack/extentreports/4.0.0/extentreports-4.0.0.jar!/com/aventstack/extentreports/view/v3html/v3-html-head.ftl"
2020-05-05 15:46:25,356 +0530 [main] DEBUG (_Log4jLoggerFactory.java:45) - Couldn't find template in cache for "v3html/v3-html-nav.ftl"("en", UTF-8, parsed); will try to load it.
2020-05-05 15:46:25,358 +0530 [main] DEBUG (_Log4jLoggerFactory.java:45) - TemplateLoader.findTemplateSource("v3html/v3-html-nav_en.ftl"): Not found
2020-05-05 15:46:25,360 +0530 [main] DEBUG (_Log4jLoggerFactory.java:45) - TemplateLoader.findTemplateSource("v3html/v3-html-nav.ftl"): Found
2020-05-05 15:46:25,360 +0530 [main] DEBUG (_Log4jLoggerFactory.java:45) - Loading template for "v3html/v3-html-nav.ftl"("en", UTF-8, parsed) from "jar:file:/Users/dhaliwal_mac/.m2/repository/com/aventstack/extentreports/4.0.0/extentreports-4.0.0.jar!/com/aventstack/extentreports/view/v3html/v3-html-nav.ftl"
2020-05-05 15:46:25,369 +0530 [main] DEBUG (_Log4jLoggerFactory.java:45) - Couldn't find template in cache for "v3html/test-view/v3-html-test-view.ftl"("en", UTF-8, parsed); will try to load it.
2020-05-05 15:46:25,369 +0530 [main] DEBUG (_Log4jLoggerFactory.java:45) - TemplateLoader.findTemplateSource("v3html/test-view/v3-html-test-view_en.ftl"): Not found
2020-05-05 15:46:25,370 +0530 [main] DEBUG (_Log4jLoggerFactory.java:45) - TemplateLoader.findTemplateSource("v3html/test-view/v3-html-test-view.ftl"): Found
2020-05-05 15:46:25,370 +0530 [main] DEBUG (_Log4jLoggerFactory.java:45) - Loading template for "v3html/test-view/v3-html-test-view.ftl"("en", UTF-8, parsed) from "jar:file:/Users/dhaliwal_mac/.m2/repository/com/aventstack/extentreports/4.0.0/extentreports-4.0.0.jar!/com/aventstack/extentreports/view/v3html/test-view/v3-html-test-view.ftl"
2020-05-05 15:46:25,380 +0530 [main] DEBUG (_Log4jLoggerFactory.java:45) - Couldn't find template in cache for "v3html/test-view/v3-html-test-view-charts.ftl"("en", UTF-8, parsed); will try to load it.
2020-05-05 15:46:25,381 +0530 [main] DEBUG (_Log4jLoggerFactory.java:45) - TemplateLoader.findTemplateSource("v3html/test-view/v3-html-test-view-charts_en.ftl"): Not found
2020-05-05 15:46:25,382 +0530 [main] DEBUG (_Log4jLoggerFactory.java:45) - TemplateLoader.findTemplateSource("v3html/test-view/v3-html-test-view-charts.ftl"): Found
2020-05-05 15:46:25,382 +0530 [main] DEBUG (_Log4jLoggerFactory.java:45) - Loading template for "v3html/test-view/v3-html-test-view-charts.ftl"("en", UTF-8, parsed) from "jar:file:/Users/dhaliwal_mac/.m2/repository/com/aventstack/extentreports/4.0.0/extentreports-4.0.0.jar!/com/aventstack/extentreports/view/v3html/test-view/v3-html-test-view-charts.ftl"
2020-05-05 15:46:25,394 +0530 [main] DEBUG (_Log4jLoggerFactory.java:45) - Couldn't find template in cache for "v3html/test-view/v3-html-standard.ftl"("en", UTF-8, parsed); will try to load it.
2020-05-05 15:46:25,394 +0530 [main] DEBUG (_Log4jLoggerFactory.java:45) - TemplateLoader.findTemplateSource("v3html/test-view/v3-html-standard_en.ftl"): Not found
2020-05-05 15:46:25,395 +0530 [main] DEBUG (_Log4jLoggerFactory.java:45) - TemplateLoader.findTemplateSource("v3html/test-view/v3-html-standard.ftl"): Found
2020-05-05 15:46:25,395 +0530 [main] DEBUG (_Log4jLoggerFactory.java:45) - Loading template for "v3html/test-view/v3-html-standard.ftl"("en", UTF-8, parsed) from "jar:file:/Users/dhaliwal_mac/.m2/repository/com/aventstack/extentreports/4.0.0/extentreports-4.0.0.jar!/com/aventstack/extentreports/view/v3html/test-view/v3-html-standard.ftl"
2020-05-05 15:46:25,419 +0530 [main] DEBUG (_Log4jLoggerFactory.java:45) - "v3html/test-view/v3-html-standard.ftl"("en", UTF-8, parsed) cached copy not yet stale; using cached.
2020-05-05 15:46:25,422 +0530 [main] DEBUG (_Log4jLoggerFactory.java:45) - Couldn't find template in cache for "v3html/category-view/v3-html-category-view.ftl"("en", UTF-8, parsed); will try to load it.
2020-05-05 15:46:25,423 +0530 [main] DEBUG (_Log4jLoggerFactory.java:45) - TemplateLoader.findTemplateSource("v3html/category-view/v3-html-category-view_en.ftl"): Not found
2020-05-05 15:46:25,425 +0530 [main] DEBUG (_Log4jLoggerFactory.java:45) - TemplateLoader.findTemplateSource("v3html/category-view/v3-html-category-view.ftl"): Found
2020-05-05 15:46:25,427 +0530 [main] DEBUG (_Log4jLoggerFactory.java:45) - Loading template for "v3html/category-view/v3-html-category-view.ftl"("en", UTF-8, parsed) from "jar:file:/Users/dhaliwal_mac/.m2/repository/com/aventstack/extentreports/4.0.0/extentreports-4.0.0.jar!/com/aventstack/extentreports/view/v3html/category-view/v3-html-category-view.ftl"
2020-05-05 15:46:25,434 +0530 [main] DEBUG (_Log4jLoggerFactory.java:45) - Couldn't find template in cache for "v3html/exception-view/v3-html-exception-view.ftl"("en", UTF-8, parsed); will try to load it.
2020-05-05 15:46:25,435 +0530 [main] DEBUG (_Log4jLoggerFactory.java:45) - TemplateLoader.findTemplateSource("v3html/exception-view/v3-html-exception-view_en.ftl"): Not found
2020-05-05 15:46:25,436 +0530 [main] DEBUG (_Log4jLoggerFactory.java:45) - TemplateLoader.findTemplateSource("v3html/exception-view/v3-html-exception-view.ftl"): Found
2020-05-05 15:46:25,437 +0530 [main] DEBUG (_Log4jLoggerFactory.java:45) - Loading template for "v3html/exception-view/v3-html-exception-view.ftl"("en", UTF-8, parsed) from "jar:file:/Users/dhaliwal_mac/.m2/repository/com/aventstack/extentreports/4.0.0/extentreports-4.0.0.jar!/com/aventstack/extentreports/view/v3html/exception-view/v3-html-exception-view.ftl"
2020-05-05 15:46:25,445 +0530 [main] DEBUG (_Log4jLoggerFactory.java:45) - Couldn't find template in cache for "v3html/author-view/v3-html-author-view.ftl"("en", UTF-8, parsed); will try to load it.
2020-05-05 15:46:25,446 +0530 [main] DEBUG (_Log4jLoggerFactory.java:45) - TemplateLoader.findTemplateSource("v3html/author-view/v3-html-author-view_en.ftl"): Not found
2020-05-05 15:46:25,447 +0530 [main] DEBUG (_Log4jLoggerFactory.java:45) - TemplateLoader.findTemplateSource("v3html/author-view/v3-html-author-view.ftl"): Found
2020-05-05 15:46:25,447 +0530 [main] DEBUG (_Log4jLoggerFactory.java:45) - Loading template for "v3html/author-view/v3-html-author-view.ftl"("en", UTF-8, parsed) from "jar:file:/Users/dhaliwal_mac/.m2/repository/com/aventstack/extentreports/4.0.0/extentreports-4.0.0.jar!/com/aventstack/extentreports/view/v3html/author-view/v3-html-author-view.ftl"
2020-05-05 15:46:25,452 +0530 [main] DEBUG (_Log4jLoggerFactory.java:45) - Couldn't find template in cache for "v3html/dashboard-view/v3-html-dashboard-view.ftl"("en", UTF-8, parsed); will try to load it.
2020-05-05 15:46:25,461 +0530 [main] DEBUG (_Log4jLoggerFactory.java:45) - TemplateLoader.findTemplateSource("v3html/dashboard-view/v3-html-dashboard-view_en.ftl"): Not found
2020-05-05 15:46:25,462 +0530 [main] DEBUG (_Log4jLoggerFactory.java:45) - TemplateLoader.findTemplateSource("v3html/dashboard-view/v3-html-dashboard-view.ftl"): Found
2020-05-05 15:46:25,463 +0530 [main] DEBUG (_Log4jLoggerFactory.java:45) - Loading template for "v3html/dashboard-view/v3-html-dashboard-view.ftl"("en", UTF-8, parsed) from "jar:file:/Users/dhaliwal_mac/.m2/repository/com/aventstack/extentreports/4.0.0/extentreports-4.0.0.jar!/com/aventstack/extentreports/view/v3html/dashboard-view/v3-html-dashboard-view.ftl"
2020-05-05 15:46:25,480 +0530 [main] DEBUG (_Log4jLoggerFactory.java:45) - Couldn't find template in cache for "v3html/logs-view/v3-html-testrunner-logs-view.ftl"("en", UTF-8, parsed); will try to load it.
2020-05-05 15:46:25,487 +0530 [main] DEBUG (_Log4jLoggerFactory.java:45) - TemplateLoader.findTemplateSource("v3html/logs-view/v3-html-testrunner-logs-view_en.ftl"): Not found
2020-05-05 15:46:25,488 +0530 [main] DEBUG (_Log4jLoggerFactory.java:45) - TemplateLoader.findTemplateSource("v3html/logs-view/v3-html-testrunner-logs-view.ftl"): Found
2020-05-05 15:46:25,489 +0530 [main] DEBUG (_Log4jLoggerFactory.java:45) - Loading template for "v3html/logs-view/v3-html-testrunner-logs-view.ftl"("en", UTF-8, parsed) from "jar:file:/Users/dhaliwal_mac/.m2/repository/com/aventstack/extentreports/4.0.0/extentreports-4.0.0.jar!/com/aventstack/extentreports/view/v3html/logs-view/v3-html-testrunner-logs-view.ftl"
2020-05-05 15:53:44,601 +0530 [main] INFO  (TestHelper.java:41) - Test run using Chrome browser
2020-05-05 15:53:57,878 +0530 [main] INFO  (TestCase_001_LoginTest.java:16) - this is login test
2020-05-05 15:54:00,127 +0530 [main] INFO  (TestCase_001_LoginTest.java:23) - Login test passed
2020-05-05 15:54:00,942 +0530 [main] DEBUG (_Log4jLoggerFactory.java:45) - Couldn't find template in cache for "v3html/v3-html-index.ftl"("en", UTF-8, parsed); will try to load it.
2020-05-05 15:54:00,947 +0530 [main] DEBUG (_Log4jLoggerFactory.java:45) - TemplateLoader.findTemplateSource("v3html/v3-html-index_en.ftl"): Not found
2020-05-05 15:54:00,951 +0530 [main] DEBUG (_Log4jLoggerFactory.java:45) - TemplateLoader.findTemplateSource("v3html/v3-html-index.ftl"): Found
2020-05-05 15:54:00,952 +0530 [main] DEBUG (_Log4jLoggerFactory.java:45) - Loading template for "v3html/v3-html-index.ftl"("en", UTF-8, parsed) from "jar:file:/Users/dhaliwal_mac/.m2/repository/com/aventstack/extentreports/4.0.0/extentreports-4.0.0.jar!/com/aventstack/extentreports/view/v3html/v3-html-index.ftl"
2020-05-05 15:54:01,623 +0530 [main] DEBUG (_Log4jLoggerFactory.java:45) - Couldn't find template in cache for "v3html/v3-html-head.ftl"("en", UTF-8, parsed); will try to load it.
2020-05-05 15:54:01,626 +0530 [main] DEBUG (_Log4jLoggerFactory.java:45) - TemplateLoader.findTemplateSource("v3html/v3-html-head_en.ftl"): Not found
2020-05-05 15:54:01,627 +0530 [main] DEBUG (_Log4jLoggerFactory.java:45) - TemplateLoader.findTemplateSource("v3html/v3-html-head.ftl"): Found
2020-05-05 15:54:01,628 +0530 [main] DEBUG (_Log4jLoggerFactory.java:45) - Loading template for "v3html/v3-html-head.ftl"("en", UTF-8, parsed) from "jar:file:/Users/dhaliwal_mac/.m2/repository/com/aventstack/extentreports/4.0.0/extentreports-4.0.0.jar!/com/aventstack/extentreports/view/v3html/v3-html-head.ftl"
2020-05-05 15:54:01,638 +0530 [main] DEBUG (_Log4jLoggerFactory.java:45) - Couldn't find template in cache for "v3html/v3-html-nav.ftl"("en", UTF-8, parsed); will try to load it.
2020-05-05 15:54:01,638 +0530 [main] DEBUG (_Log4jLoggerFactory.java:45) - TemplateLoader.findTemplateSource("v3html/v3-html-nav_en.ftl"): Not found
2020-05-05 15:54:01,639 +0530 [main] DEBUG (_Log4jLoggerFactory.java:45) - TemplateLoader.findTemplateSource("v3html/v3-html-nav.ftl"): Found
2020-05-05 15:54:01,640 +0530 [main] DEBUG (_Log4jLoggerFactory.java:45) - Loading template for "v3html/v3-html-nav.ftl"("en", UTF-8, parsed) from "jar:file:/Users/dhaliwal_mac/.m2/repository/com/aventstack/extentreports/4.0.0/extentreports-4.0.0.jar!/com/aventstack/extentreports/view/v3html/v3-html-nav.ftl"
2020-05-05 15:54:01,650 +0530 [main] DEBUG (_Log4jLoggerFactory.java:45) - Couldn't find template in cache for "v3html/test-view/v3-html-test-view.ftl"("en", UTF-8, parsed); will try to load it.
2020-05-05 15:54:01,652 +0530 [main] DEBUG (_Log4jLoggerFactory.java:45) - TemplateLoader.findTemplateSource("v3html/test-view/v3-html-test-view_en.ftl"): Not found
2020-05-05 15:54:01,652 +0530 [main] DEBUG (_Log4jLoggerFactory.java:45) - TemplateLoader.findTemplateSource("v3html/test-view/v3-html-test-view.ftl"): Found
2020-05-05 15:54:01,653 +0530 [main] DEBUG (_Log4jLoggerFactory.java:45) - Loading template for "v3html/test-view/v3-html-test-view.ftl"("en", UTF-8, parsed) from "jar:file:/Users/dhaliwal_mac/.m2/repository/com/aventstack/extentreports/4.0.0/extentreports-4.0.0.jar!/com/aventstack/extentreports/view/v3html/test-view/v3-html-test-view.ftl"
2020-05-05 15:54:01,666 +0530 [main] DEBUG (_Log4jLoggerFactory.java:45) - Couldn't find template in cache for "v3html/test-view/v3-html-test-view-charts.ftl"("en", UTF-8, parsed); will try to load it.
2020-05-05 15:54:01,667 +0530 [main] DEBUG (_Log4jLoggerFactory.java:45) - TemplateLoader.findTemplateSource("v3html/test-view/v3-html-test-view-charts_en.ftl"): Not found
2020-05-05 15:54:01,668 +0530 [main] DEBUG (_Log4jLoggerFactory.java:45) - TemplateLoader.findTemplateSource("v3html/test-view/v3-html-test-view-charts.ftl"): Found
2020-05-05 15:54:01,668 +0530 [main] DEBUG (_Log4jLoggerFactory.java:45) - Loading template for "v3html/test-view/v3-html-test-view-charts.ftl"("en", UTF-8, parsed) from "jar:file:/Users/dhaliwal_mac/.m2/repository/com/aventstack/extentreports/4.0.0/extentreports-4.0.0.jar!/com/aventstack/extentreports/view/v3html/test-view/v3-html-test-view-charts.ftl"
2020-05-05 15:54:01,690 +0530 [main] DEBUG (_Log4jLoggerFactory.java:45) - Couldn't find template in cache for "v3html/test-view/v3-html-standard.ftl"("en", UTF-8, parsed); will try to load it.
2020-05-05 15:54:01,690 +0530 [main] DEBUG (_Log4jLoggerFactory.java:45) - TemplateLoader.findTemplateSource("v3html/test-view/v3-html-standard_en.ftl"): Not found
2020-05-05 15:54:01,691 +0530 [main] DEBUG (_Log4jLoggerFactory.java:45) - TemplateLoader.findTemplateSource("v3html/test-view/v3-html-standard.ftl"): Found
2020-05-05 15:54:01,691 +0530 [main] DEBUG (_Log4jLoggerFactory.java:45) - Loading template for "v3html/test-view/v3-html-standard.ftl"("en", UTF-8, parsed) from "jar:file:/Users/dhaliwal_mac/.m2/repository/com/aventstack/extentreports/4.0.0/extentreports-4.0.0.jar!/com/aventstack/extentreports/view/v3html/test-view/v3-html-standard.ftl"
2020-05-05 15:54:01,783 +0530 [main] DEBUG (_Log4jLoggerFactory.java:45) - Couldn't find template in cache for "v3html/category-view/v3-html-category-view.ftl"("en", UTF-8, parsed); will try to load it.
2020-05-05 15:54:01,789 +0530 [main] DEBUG (_Log4jLoggerFactory.java:45) - TemplateLoader.findTemplateSource("v3html/category-view/v3-html-category-view_en.ftl"): Not found
2020-05-05 15:54:01,789 +0530 [main] DEBUG (_Log4jLoggerFactory.java:45) - TemplateLoader.findTemplateSource("v3html/category-view/v3-html-category-view.ftl"): Found
2020-05-05 15:54:01,790 +0530 [main] DEBUG (_Log4jLoggerFactory.java:45) - Loading template for "v3html/category-view/v3-html-category-view.ftl"("en", UTF-8, parsed) from "jar:file:/Users/dhaliwal_mac/.m2/repository/com/aventstack/extentreports/4.0.0/extentreports-4.0.0.jar!/com/aventstack/extentreports/view/v3html/category-view/v3-html-category-view.ftl"
2020-05-05 15:54:01,804 +0530 [main] DEBUG (_Log4jLoggerFactory.java:45) - Couldn't find template in cache for "v3html/exception-view/v3-html-exception-view.ftl"("en", UTF-8, parsed); will try to load it.
2020-05-05 15:54:01,805 +0530 [main] DEBUG (_Log4jLoggerFactory.java:45) - TemplateLoader.findTemplateSource("v3html/exception-view/v3-html-exception-view_en.ftl"): Not found
2020-05-05 15:54:01,806 +0530 [main] DEBUG (_Log4jLoggerFactory.java:45) - TemplateLoader.findTemplateSource("v3html/exception-view/v3-html-exception-view.ftl"): Found
2020-05-05 15:54:01,806 +0530 [main] DEBUG (_Log4jLoggerFactory.java:45) - Loading template for "v3html/exception-view/v3-html-exception-view.ftl"("en", UTF-8, parsed) from "jar:file:/Users/dhaliwal_mac/.m2/repository/com/aventstack/extentreports/4.0.0/extentreports-4.0.0.jar!/com/aventstack/extentreports/view/v3html/exception-view/v3-html-exception-view.ftl"
2020-05-05 15:54:01,812 +0530 [main] DEBUG (_Log4jLoggerFactory.java:45) - Couldn't find template in cache for "v3html/author-view/v3-html-author-view.ftl"("en", UTF-8, parsed); will try to load it.
2020-05-05 15:54:01,812 +0530 [main] DEBUG (_Log4jLoggerFactory.java:45) - TemplateLoader.findTemplateSource("v3html/author-view/v3-html-author-view_en.ftl"): Not found
2020-05-05 15:54:01,827 +0530 [main] DEBUG (_Log4jLoggerFactory.java:45) - TemplateLoader.findTemplateSource("v3html/author-view/v3-html-author-view.ftl"): Found
2020-05-05 15:54:01,829 +0530 [main] DEBUG (_Log4jLoggerFactory.java:45) - Loading template for "v3html/author-view/v3-html-author-view.ftl"("en", UTF-8, parsed) from "jar:file:/Users/dhaliwal_mac/.m2/repository/com/aventstack/extentreports/4.0.0/extentreports-4.0.0.jar!/com/aventstack/extentreports/view/v3html/author-view/v3-html-author-view.ftl"
2020-05-05 15:54:01,860 +0530 [main] DEBUG (_Log4jLoggerFactory.java:45) - Couldn't find template in cache for "v3html/dashboard-view/v3-html-dashboard-view.ftl"("en", UTF-8, parsed); will try to load it.
2020-05-05 15:54:01,860 +0530 [main] DEBUG (_Log4jLoggerFactory.java:45) - TemplateLoader.findTemplateSource("v3html/dashboard-view/v3-html-dashboard-view_en.ftl"): Not found
2020-05-05 15:54:01,861 +0530 [main] DEBUG (_Log4jLoggerFactory.java:45) - TemplateLoader.findTemplateSource("v3html/dashboard-view/v3-html-dashboard-view.ftl"): Found
2020-05-05 15:54:01,868 +0530 [main] DEBUG (_Log4jLoggerFactory.java:45) - Loading template for "v3html/dashboard-view/v3-html-dashboard-view.ftl"("en", UTF-8, parsed) from "jar:file:/Users/dhaliwal_mac/.m2/repository/com/aventstack/extentreports/4.0.0/extentreports-4.0.0.jar!/com/aventstack/extentreports/view/v3html/dashboard-view/v3-html-dashboard-view.ftl"
2020-05-05 15:54:01,880 +0530 [main] DEBUG (_Log4jLoggerFactory.java:45) - Couldn't find template in cache for "v3html/logs-view/v3-html-testrunner-logs-view.ftl"("en", UTF-8, parsed); will try to load it.
2020-05-05 15:54:01,884 +0530 [main] DEBUG (_Log4jLoggerFactory.java:45) - TemplateLoader.findTemplateSource("v3html/logs-view/v3-html-testrunner-logs-view_en.ftl"): Not found
2020-05-05 15:54:01,886 +0530 [main] DEBUG (_Log4jLoggerFactory.java:45) - TemplateLoader.findTemplateSource("v3html/logs-view/v3-html-testrunner-logs-view.ftl"): Found
2020-05-05 15:54:01,894 +0530 [main] DEBUG (_Log4jLoggerFactory.java:45) - Loading template for "v3html/logs-view/v3-html-testrunner-logs-view.ftl"("en", UTF-8, parsed) from "jar:file:/Users/dhaliwal_mac/.m2/repository/com/aventstack/extentreports/4.0.0/extentreports-4.0.0.jar!/com/aventstack/extentreports/view/v3html/logs-view/v3-html-testrunner-logs-view.ftl"
2020-05-05 15:56:18,244 +0530 [main] INFO  (TestHelper.java:41) - Test run using Chrome browser
2020-05-05 15:57:04,656 +0530 [main] INFO  (TestCase_001_LoginTest.java:16) - this is login test
2020-05-05 15:57:06,225 +0530 [main] DEBUG (_Log4jLoggerFactory.java:45) - Couldn't find template in cache for "v3html/v3-html-index.ftl"("en", UTF-8, parsed); will try to load it.
2020-05-05 15:57:06,226 +0530 [main] DEBUG (_Log4jLoggerFactory.java:45) - TemplateLoader.findTemplateSource("v3html/v3-html-index_en.ftl"): Not found
2020-05-05 15:57:06,237 +0530 [main] DEBUG (_Log4jLoggerFactory.java:45) - TemplateLoader.findTemplateSource("v3html/v3-html-index.ftl"): Found
2020-05-05 15:57:06,240 +0530 [main] DEBUG (_Log4jLoggerFactory.java:45) - Loading template for "v3html/v3-html-index.ftl"("en", UTF-8, parsed) from "jar:file:/Users/dhaliwal_mac/.m2/repository/com/aventstack/extentreports/4.0.0/extentreports-4.0.0.jar!/com/aventstack/extentreports/view/v3html/v3-html-index.ftl"
2020-05-05 15:57:06,917 +0530 [main] DEBUG (_Log4jLoggerFactory.java:45) - Couldn't find template in cache for "v3html/v3-html-head.ftl"("en", UTF-8, parsed); will try to load it.
2020-05-05 15:57:06,919 +0530 [main] DEBUG (_Log4jLoggerFactory.java:45) - TemplateLoader.findTemplateSource("v3html/v3-html-head_en.ftl"): Not found
2020-05-05 15:57:06,920 +0530 [main] DEBUG (_Log4jLoggerFactory.java:45) - TemplateLoader.findTemplateSource("v3html/v3-html-head.ftl"): Found
2020-05-05 15:57:06,921 +0530 [main] DEBUG (_Log4jLoggerFactory.java:45) - Loading template for "v3html/v3-html-head.ftl"("en", UTF-8, parsed) from "jar:file:/Users/dhaliwal_mac/.m2/repository/com/aventstack/extentreports/4.0.0/extentreports-4.0.0.jar!/com/aventstack/extentreports/view/v3html/v3-html-head.ftl"
2020-05-05 15:57:06,930 +0530 [main] DEBUG (_Log4jLoggerFactory.java:45) - Couldn't find template in cache for "v3html/v3-html-nav.ftl"("en", UTF-8, parsed); will try to load it.
2020-05-05 15:57:06,930 +0530 [main] DEBUG (_Log4jLoggerFactory.java:45) - TemplateLoader.findTemplateSource("v3html/v3-html-nav_en.ftl"): Not found
2020-05-05 15:57:06,931 +0530 [main] DEBUG (_Log4jLoggerFactory.java:45) - TemplateLoader.findTemplateSource("v3html/v3-html-nav.ftl"): Found
2020-05-05 15:57:06,931 +0530 [main] DEBUG (_Log4jLoggerFactory.java:45) - Loading template for "v3html/v3-html-nav.ftl"("en", UTF-8, parsed) from "jar:file:/Users/dhaliwal_mac/.m2/repository/com/aventstack/extentreports/4.0.0/extentreports-4.0.0.jar!/com/aventstack/extentreports/view/v3html/v3-html-nav.ftl"
2020-05-05 15:57:06,942 +0530 [main] DEBUG (_Log4jLoggerFactory.java:45) - Couldn't find template in cache for "v3html/test-view/v3-html-test-view.ftl"("en", UTF-8, parsed); will try to load it.
2020-05-05 15:57:06,943 +0530 [main] DEBUG (_Log4jLoggerFactory.java:45) - TemplateLoader.findTemplateSource("v3html/test-view/v3-html-test-view_en.ftl"): Not found
2020-05-05 15:57:06,945 +0530 [main] DEBUG (_Log4jLoggerFactory.java:45) - TemplateLoader.findTemplateSource("v3html/test-view/v3-html-test-view.ftl"): Found
2020-05-05 15:57:06,946 +0530 [main] DEBUG (_Log4jLoggerFactory.java:45) - Loading template for "v3html/test-view/v3-html-test-view.ftl"("en", UTF-8, parsed) from "jar:file:/Users/dhaliwal_mac/.m2/repository/com/aventstack/extentreports/4.0.0/extentreports-4.0.0.jar!/com/aventstack/extentreports/view/v3html/test-view/v3-html-test-view.ftl"
2020-05-05 15:57:06,964 +0530 [main] DEBUG (_Log4jLoggerFactory.java:45) - Couldn't find template in cache for "v3html/test-view/v3-html-test-view-charts.ftl"("en", UTF-8, parsed); will try to load it.
2020-05-05 15:57:06,966 +0530 [main] DEBUG (_Log4jLoggerFactory.java:45) - TemplateLoader.findTemplateSource("v3html/test-view/v3-html-test-view-charts_en.ftl"): Not found
2020-05-05 15:57:06,968 +0530 [main] DEBUG (_Log4jLoggerFactory.java:45) - TemplateLoader.findTemplateSource("v3html/test-view/v3-html-test-view-charts.ftl"): Found
2020-05-05 15:57:06,969 +0530 [main] DEBUG (_Log4jLoggerFactory.java:45) - Loading template for "v3html/test-view/v3-html-test-view-charts.ftl"("en", UTF-8, parsed) from "jar:file:/Users/dhaliwal_mac/.m2/repository/com/aventstack/extentreports/4.0.0/extentreports-4.0.0.jar!/com/aventstack/extentreports/view/v3html/test-view/v3-html-test-view-charts.ftl"
2020-05-05 15:57:06,988 +0530 [main] DEBUG (_Log4jLoggerFactory.java:45) - Couldn't find template in cache for "v3html/test-view/v3-html-standard.ftl"("en", UTF-8, parsed); will try to load it.
2020-05-05 15:57:06,990 +0530 [main] DEBUG (_Log4jLoggerFactory.java:45) - TemplateLoader.findTemplateSource("v3html/test-view/v3-html-standard_en.ftl"): Not found
2020-05-05 15:57:06,991 +0530 [main] DEBUG (_Log4jLoggerFactory.java:45) - TemplateLoader.findTemplateSource("v3html/test-view/v3-html-standard.ftl"): Found
2020-05-05 15:57:06,992 +0530 [main] DEBUG (_Log4jLoggerFactory.java:45) - Loading template for "v3html/test-view/v3-html-standard.ftl"("en", UTF-8, parsed) from "jar:file:/Users/dhaliwal_mac/.m2/repository/com/aventstack/extentreports/4.0.0/extentreports-4.0.0.jar!/com/aventstack/extentreports/view/v3html/test-view/v3-html-standard.ftl"
2020-05-05 15:57:07,062 +0530 [main] DEBUG (_Log4jLoggerFactory.java:45) - Couldn't find template in cache for "v3html/category-view/v3-html-category-view.ftl"("en", UTF-8, parsed); will try to load it.
2020-05-05 15:57:07,065 +0530 [main] DEBUG (_Log4jLoggerFactory.java:45) - TemplateLoader.findTemplateSource("v3html/category-view/v3-html-category-view_en.ftl"): Not found
2020-05-05 15:57:07,066 +0530 [main] DEBUG (_Log4jLoggerFactory.java:45) - TemplateLoader.findTemplateSource("v3html/category-view/v3-html-category-view.ftl"): Found
2020-05-05 15:57:07,067 +0530 [main] DEBUG (_Log4jLoggerFactory.java:45) - Loading template for "v3html/category-view/v3-html-category-view.ftl"("en", UTF-8, parsed) from "jar:file:/Users/dhaliwal_mac/.m2/repository/com/aventstack/extentreports/4.0.0/extentreports-4.0.0.jar!/com/aventstack/extentreports/view/v3html/category-view/v3-html-category-view.ftl"
2020-05-05 15:57:07,075 +0530 [main] DEBUG (_Log4jLoggerFactory.java:45) - Couldn't find template in cache for "v3html/exception-view/v3-html-exception-view.ftl"("en", UTF-8, parsed); will try to load it.
2020-05-05 15:57:07,076 +0530 [main] DEBUG (_Log4jLoggerFactory.java:45) - TemplateLoader.findTemplateSource("v3html/exception-view/v3-html-exception-view_en.ftl"): Not found
2020-05-05 15:57:07,080 +0530 [main] DEBUG (_Log4jLoggerFactory.java:45) - TemplateLoader.findTemplateSource("v3html/exception-view/v3-html-exception-view.ftl"): Found
2020-05-05 15:57:07,081 +0530 [main] DEBUG (_Log4jLoggerFactory.java:45) - Loading template for "v3html/exception-view/v3-html-exception-view.ftl"("en", UTF-8, parsed) from "jar:file:/Users/dhaliwal_mac/.m2/repository/com/aventstack/extentreports/4.0.0/extentreports-4.0.0.jar!/com/aventstack/extentreports/view/v3html/exception-view/v3-html-exception-view.ftl"
2020-05-05 15:57:07,112 +0530 [main] DEBUG (_Log4jLoggerFactory.java:45) - Couldn't find template in cache for "v3html/author-view/v3-html-author-view.ftl"("en", UTF-8, parsed); will try to load it.
2020-05-05 15:57:07,116 +0530 [main] DEBUG (_Log4jLoggerFactory.java:45) - TemplateLoader.findTemplateSource("v3html/author-view/v3-html-author-view_en.ftl"): Not found
2020-05-05 15:57:07,117 +0530 [main] DEBUG (_Log4jLoggerFactory.java:45) - TemplateLoader.findTemplateSource("v3html/author-view/v3-html-author-view.ftl"): Found
2020-05-05 15:57:07,118 +0530 [main] DEBUG (_Log4jLoggerFactory.java:45) - Loading template for "v3html/author-view/v3-html-author-view.ftl"("en", UTF-8, parsed) from "jar:file:/Users/dhaliwal_mac/.m2/repository/com/aventstack/extentreports/4.0.0/extentreports-4.0.0.jar!/com/aventstack/extentreports/view/v3html/author-view/v3-html-author-view.ftl"
2020-05-05 15:57:07,130 +0530 [main] DEBUG (_Log4jLoggerFactory.java:45) - Couldn't find template in cache for "v3html/dashboard-view/v3-html-dashboard-view.ftl"("en", UTF-8, parsed); will try to load it.
2020-05-05 15:57:07,132 +0530 [main] DEBUG (_Log4jLoggerFactory.java:45) - TemplateLoader.findTemplateSource("v3html/dashboard-view/v3-html-dashboard-view_en.ftl"): Not found
2020-05-05 15:57:07,135 +0530 [main] DEBUG (_Log4jLoggerFactory.java:45) - TemplateLoader.findTemplateSource("v3html/dashboard-view/v3-html-dashboard-view.ftl"): Found
2020-05-05 15:57:07,136 +0530 [main] DEBUG (_Log4jLoggerFactory.java:45) - Loading template for "v3html/dashboard-view/v3-html-dashboard-view.ftl"("en", UTF-8, parsed) from "jar:file:/Users/dhaliwal_mac/.m2/repository/com/aventstack/extentreports/4.0.0/extentreports-4.0.0.jar!/com/aventstack/extentreports/view/v3html/dashboard-view/v3-html-dashboard-view.ftl"
2020-05-05 15:57:07,148 +0530 [main] DEBUG (_Log4jLoggerFactory.java:45) - Couldn't find template in cache for "v3html/logs-view/v3-html-testrunner-logs-view.ftl"("en", UTF-8, parsed); will try to load it.
2020-05-05 15:57:07,149 +0530 [main] DEBUG (_Log4jLoggerFactory.java:45) - TemplateLoader.findTemplateSource("v3html/logs-view/v3-html-testrunner-logs-view_en.ftl"): Not found
2020-05-05 15:57:07,149 +0530 [main] DEBUG (_Log4jLoggerFactory.java:45) - TemplateLoader.findTemplateSource("v3html/logs-view/v3-html-testrunner-logs-view.ftl"): Found
2020-05-05 15:57:07,164 +0530 [main] DEBUG (_Log4jLoggerFactory.java:45) - Loading template for "v3html/logs-view/v3-html-testrunner-logs-view.ftl"("en", UTF-8, parsed) from "jar:file:/Users/dhaliwal_mac/.m2/repository/com/aventstack/extentreports/4.0.0/extentreports-4.0.0.jar!/com/aventstack/extentreports/view/v3html/logs-view/v3-html-testrunner-logs-view.ftl"
2020-05-05 17:28:40,108 +0530 [main] INFO  (TestHelper.java:41) - Test run using Chrome browser
2020-05-05 17:29:21,953 +0530 [main] INFO  (TestCase_001_LoginTest.java:16) - this is login test
2020-05-05 17:29:34,383 +0530 [main] INFO  (TestCase_001_LoginTest.java:22) - Login test passed
2020-05-05 17:29:35,242 +0530 [main] DEBUG (_Log4jLoggerFactory.java:45) - Couldn't find template in cache for "v3html/v3-html-index.ftl"("en", UTF-8, parsed); will try to load it.
2020-05-05 17:29:35,243 +0530 [main] DEBUG (_Log4jLoggerFactory.java:45) - TemplateLoader.findTemplateSource("v3html/v3-html-index_en.ftl"): Not found
2020-05-05 17:29:35,245 +0530 [main] DEBUG (_Log4jLoggerFactory.java:45) - TemplateLoader.findTemplateSource("v3html/v3-html-index.ftl"): Found
2020-05-05 17:29:35,246 +0530 [main] DEBUG (_Log4jLoggerFactory.java:45) - Loading template for "v3html/v3-html-index.ftl"("en", UTF-8, parsed) from "jar:file:/Users/dhaliwal_mac/.m2/repository/com/aventstack/extentreports/4.0.0/extentreports-4.0.0.jar!/com/aventstack/extentreports/view/v3html/v3-html-index.ftl"
2020-05-05 17:29:35,563 +0530 [main] DEBUG (_Log4jLoggerFactory.java:45) - Couldn't find template in cache for "v3html/v3-html-head.ftl"("en", UTF-8, parsed); will try to load it.
2020-05-05 17:29:35,564 +0530 [main] DEBUG (_Log4jLoggerFactory.java:45) - TemplateLoader.findTemplateSource("v3html/v3-html-head_en.ftl"): Not found
2020-05-05 17:29:35,565 +0530 [main] DEBUG (_Log4jLoggerFactory.java:45) - TemplateLoader.findTemplateSource("v3html/v3-html-head.ftl"): Found
2020-05-05 17:29:35,566 +0530 [main] DEBUG (_Log4jLoggerFactory.java:45) - Loading template for "v3html/v3-html-head.ftl"("en", UTF-8, parsed) from "jar:file:/Users/dhaliwal_mac/.m2/repository/com/aventstack/extentreports/4.0.0/extentreports-4.0.0.jar!/com/aventstack/extentreports/view/v3html/v3-html-head.ftl"
2020-05-05 17:29:35,570 +0530 [main] DEBUG (_Log4jLoggerFactory.java:45) - Couldn't find template in cache for "v3html/v3-html-nav.ftl"("en", UTF-8, parsed); will try to load it.
2020-05-05 17:29:35,571 +0530 [main] DEBUG (_Log4jLoggerFactory.java:45) - TemplateLoader.findTemplateSource("v3html/v3-html-nav_en.ftl"): Not found
2020-05-05 17:29:35,571 +0530 [main] DEBUG (_Log4jLoggerFactory.java:45) - TemplateLoader.findTemplateSource("v3html/v3-html-nav.ftl"): Found
2020-05-05 17:29:35,572 +0530 [main] DEBUG (_Log4jLoggerFactory.java:45) - Loading template for "v3html/v3-html-nav.ftl"("en", UTF-8, parsed) from "jar:file:/Users/dhaliwal_mac/.m2/repository/com/aventstack/extentreports/4.0.0/extentreports-4.0.0.jar!/com/aventstack/extentreports/view/v3html/v3-html-nav.ftl"
2020-05-05 17:29:35,582 +0530 [main] DEBUG (_Log4jLoggerFactory.java:45) - Couldn't find template in cache for "v3html/test-view/v3-html-test-view.ftl"("en", UTF-8, parsed); will try to load it.
2020-05-05 17:29:35,583 +0530 [main] DEBUG (_Log4jLoggerFactory.java:45) - TemplateLoader.findTemplateSource("v3html/test-view/v3-html-test-view_en.ftl"): Not found
2020-05-05 17:29:35,584 +0530 [main] DEBUG (_Log4jLoggerFactory.java:45) - TemplateLoader.findTemplateSource("v3html/test-view/v3-html-test-view.ftl"): Found
2020-05-05 17:29:35,585 +0530 [main] DEBUG (_Log4jLoggerFactory.java:45) - Loading template for "v3html/test-view/v3-html-test-view.ftl"("en", UTF-8, parsed) from "jar:file:/Users/dhaliwal_mac/.m2/repository/com/aventstack/extentreports/4.0.0/extentreports-4.0.0.jar!/com/aventstack/extentreports/view/v3html/test-view/v3-html-test-view.ftl"
2020-05-05 17:29:35,594 +0530 [main] DEBUG (_Log4jLoggerFactory.java:45) - Couldn't find template in cache for "v3html/test-view/v3-html-test-view-charts.ftl"("en", UTF-8, parsed); will try to load it.
2020-05-05 17:29:35,595 +0530 [main] DEBUG (_Log4jLoggerFactory.java:45) - TemplateLoader.findTemplateSource("v3html/test-view/v3-html-test-view-charts_en.ftl"): Not found
2020-05-05 17:29:35,595 +0530 [main] DEBUG (_Log4jLoggerFactory.java:45) - TemplateLoader.findTemplateSource("v3html/test-view/v3-html-test-view-charts.ftl"): Found
2020-05-05 17:29:35,595 +0530 [main] DEBUG (_Log4jLoggerFactory.java:45) - Loading template for "v3html/test-view/v3-html-test-view-charts.ftl"("en", UTF-8, parsed) from "jar:file:/Users/dhaliwal_mac/.m2/repository/com/aventstack/extentreports/4.0.0/extentreports-4.0.0.jar!/com/aventstack/extentreports/view/v3html/test-view/v3-html-test-view-charts.ftl"
2020-05-05 17:29:35,609 +0530 [main] DEBUG (_Log4jLoggerFactory.java:45) - Couldn't find template in cache for "v3html/test-view/v3-html-standard.ftl"("en", UTF-8, parsed); will try to load it.
2020-05-05 17:29:35,609 +0530 [main] DEBUG (_Log4jLoggerFactory.java:45) - TemplateLoader.findTemplateSource("v3html/test-view/v3-html-standard_en.ftl"): Not found
2020-05-05 17:29:35,610 +0530 [main] DEBUG (_Log4jLoggerFactory.java:45) - TemplateLoader.findTemplateSource("v3html/test-view/v3-html-standard.ftl"): Found
2020-05-05 17:29:35,611 +0530 [main] DEBUG (_Log4jLoggerFactory.java:45) - Loading template for "v3html/test-view/v3-html-standard.ftl"("en", UTF-8, parsed) from "jar:file:/Users/dhaliwal_mac/.m2/repository/com/aventstack/extentreports/4.0.0/extentreports-4.0.0.jar!/com/aventstack/extentreports/view/v3html/test-view/v3-html-standard.ftl"
2020-05-05 17:29:35,636 +0530 [main] DEBUG (_Log4jLoggerFactory.java:45) - Couldn't find template in cache for "v3html/category-view/v3-html-category-view.ftl"("en", UTF-8, parsed); will try to load it.
2020-05-05 17:29:35,636 +0530 [main] DEBUG (_Log4jLoggerFactory.java:45) - TemplateLoader.findTemplateSource("v3html/category-view/v3-html-category-view_en.ftl"): Not found
2020-05-05 17:29:35,637 +0530 [main] DEBUG (_Log4jLoggerFactory.java:45) - TemplateLoader.findTemplateSource("v3html/category-view/v3-html-category-view.ftl"): Found
2020-05-05 17:29:35,637 +0530 [main] DEBUG (_Log4jLoggerFactory.java:45) - Loading template for "v3html/category-view/v3-html-category-view.ftl"("en", UTF-8, parsed) from "jar:file:/Users/dhaliwal_mac/.m2/repository/com/aventstack/extentreports/4.0.0/extentreports-4.0.0.jar!/com/aventstack/extentreports/view/v3html/category-view/v3-html-category-view.ftl"
2020-05-05 17:29:35,643 +0530 [main] DEBUG (_Log4jLoggerFactory.java:45) - Couldn't find template in cache for "v3html/exception-view/v3-html-exception-view.ftl"("en", UTF-8, parsed); will try to load it.
2020-05-05 17:29:35,644 +0530 [main] DEBUG (_Log4jLoggerFactory.java:45) - TemplateLoader.findTemplateSource("v3html/exception-view/v3-html-exception-view_en.ftl"): Not found
2020-05-05 17:29:35,649 +0530 [main] DEBUG (_Log4jLoggerFactory.java:45) - TemplateLoader.findTemplateSource("v3html/exception-view/v3-html-exception-view.ftl"): Found
2020-05-05 17:29:35,649 +0530 [main] DEBUG (_Log4jLoggerFactory.java:45) - Loading template for "v3html/exception-view/v3-html-exception-view.ftl"("en", UTF-8, parsed) from "jar:file:/Users/dhaliwal_mac/.m2/repository/com/aventstack/extentreports/4.0.0/extentreports-4.0.0.jar!/com/aventstack/extentreports/view/v3html/exception-view/v3-html-exception-view.ftl"
2020-05-05 17:29:35,653 +0530 [main] DEBUG (_Log4jLoggerFactory.java:45) - Couldn't find template in cache for "v3html/author-view/v3-html-author-view.ftl"("en", UTF-8, parsed); will try to load it.
2020-05-05 17:29:35,654 +0530 [main] DEBUG (_Log4jLoggerFactory.java:45) - TemplateLoader.findTemplateSource("v3html/author-view/v3-html-author-view_en.ftl"): Not found
2020-05-05 17:29:35,655 +0530 [main] DEBUG (_Log4jLoggerFactory.java:45) - TemplateLoader.findTemplateSource("v3html/author-view/v3-html-author-view.ftl"): Found
2020-05-05 17:29:35,655 +0530 [main] DEBUG (_Log4jLoggerFactory.java:45) - Loading template for "v3html/author-view/v3-html-author-view.ftl"("en", UTF-8, parsed) from "jar:file:/Users/dhaliwal_mac/.m2/repository/com/aventstack/extentreports/4.0.0/extentreports-4.0.0.jar!/com/aventstack/extentreports/view/v3html/author-view/v3-html-author-view.ftl"
2020-05-05 17:29:35,660 +0530 [main] DEBUG (_Log4jLoggerFactory.java:45) - Couldn't find template in cache for "v3html/dashboard-view/v3-html-dashboard-view.ftl"("en", UTF-8, parsed); will try to load it.
2020-05-05 17:29:35,661 +0530 [main] DEBUG (_Log4jLoggerFactory.java:45) - TemplateLoader.findTemplateSource("v3html/dashboard-view/v3-html-dashboard-view_en.ftl"): Not found
2020-05-05 17:29:35,662 +0530 [main] DEBUG (_Log4jLoggerFactory.java:45) - TemplateLoader.findTemplateSource("v3html/dashboard-view/v3-html-dashboard-view.ftl"): Found
2020-05-05 17:29:35,663 +0530 [main] DEBUG (_Log4jLoggerFactory.java:45) - Loading template for "v3html/dashboard-view/v3-html-dashboard-view.ftl"("en", UTF-8, parsed) from "jar:file:/Users/dhaliwal_mac/.m2/repository/com/aventstack/extentreports/4.0.0/extentreports-4.0.0.jar!/com/aventstack/extentreports/view/v3html/dashboard-view/v3-html-dashboard-view.ftl"
2020-05-05 17:29:35,676 +0530 [main] DEBUG (_Log4jLoggerFactory.java:45) - Couldn't find template in cache for "v3html/logs-view/v3-html-testrunner-logs-view.ftl"("en", UTF-8, parsed); will try to load it.
2020-05-05 17:29:35,676 +0530 [main] DEBUG (_Log4jLoggerFactory.java:45) - TemplateLoader.findTemplateSource("v3html/logs-view/v3-html-testrunner-logs-view_en.ftl"): Not found
2020-05-05 17:29:35,677 +0530 [main] DEBUG (_Log4jLoggerFactory.java:45) - TemplateLoader.findTemplateSource("v3html/logs-view/v3-html-testrunner-logs-view.ftl"): Found
2020-05-05 17:29:35,678 +0530 [main] DEBUG (_Log4jLoggerFactory.java:45) - Loading template for "v3html/logs-view/v3-html-testrunner-logs-view.ftl"("en", UTF-8, parsed) from "jar:file:/Users/dhaliwal_mac/.m2/repository/com/aventstack/extentreports/4.0.0/extentreports-4.0.0.jar!/com/aventstack/extentreports/view/v3html/logs-view/v3-html-testrunner-logs-view.ftl"
